{
  "timestamp": "2025-10-28T03:08:13.172Z",
  "summary": {
    "totalTests": 4,
    "passed": 2,
    "failed": 2,
    "duration": 72563
  },
  "results": [
    {
      "name": "Unit Tests",
      "passed": true,
      "duration": 8842,
      "details": "\n> lasy-ai-crm-system@0.1.0 test\n> vitest --run\n\n\n\u001b[1m\u001b[46m RUN \u001b[49m\u001b[22m \u001b[36mv4.0.4 \u001b[39m\u001b[90mC:/Users/Submarino/Desktop/lasy-crm\u001b[39m\n\n \u001b[32m✓\u001b[39m lib/__tests__/errors.test.ts \u001b[2m(\u001b[22m\u001b[2m14 tests\u001b[22m\u001b[2m)\u001b[22m\u001b[32m 32\u001b[2mms\u001b[22m\u001b[39m\n \u001b[32m✓\u001b[39m lib/__tests__/retry.test.ts \u001b[2m(\u001b[22m\u001b[2m10 tests\u001b[22m\u001b[2m)\u001b[22m\u001b[32m 129\u001b[2mms\u001b[22m\u001b[39m\n \u001b[32m✓\u001b[39m lib/__tests__/utils.test.ts \u001b[2m(\u001b[22m\u001b[2m6 tests\u001b[22m\u001b[2m)\u001b[22m\u001b[32m 36\u001b[2mms\u001b[22m\u001b[39m\n \u001b[32m✓\u001b[39m app/api/__tests__/interactions.integration.test.ts \u001b[2m(\u001b[22m\u001b[2m5 tests\u001b[22m\u001b[2m)\u001b[22m\u001b[32m 24\u001b[2mms\u001b[22m\u001b[39m\n \u001b[32m✓\u001b[39m lib/__tests__/sanitize.test.ts \u001b[2m(\u001b[22m\u001b[2m18 tests\u001b[22m\u001b[2m)\u001b[22m\u001b[32m 34\u001b[2mms\u001b[22m\u001b[39m\n \u001b[32m✓\u001b[39m lib/validations/__tests__/lead.test.ts \u001b[2m(\u001b[22m\u001b[2m12 tests\u001b[22m\u001b[2m)\u001b[22m\u001b[32m 39\u001b[2mms\u001b[22m\u001b[39m\n \u001b[32m✓\u001b[39m app/api/__tests__/leads.integration.test.ts \u001b[2m(\u001b[22m\u001b[2m9 tests\u001b[22m\u001b[2m)\u001b[22m\u001b[32m 38\u001b[2mms\u001b[22m\u001b[39m\n \u001b[32m✓\u001b[39m app/api/__tests__/search.integration.test.ts \u001b[2m(\u001b[22m\u001b[2m5 tests\u001b[22m\u001b[2m)\u001b[22m\u001b[32m 22\u001b[2mms\u001b[22m\u001b[39m\n \u001b[32m✓\u001b[39m lib/validations/__tests__/interaction.test.ts \u001b[2m(\u001b[22m\u001b[2m7 tests\u001b[22m\u001b[2m)\u001b[22m\u001b[32m 20\u001b[2mms\u001b[22m\u001b[39m\n\n\u001b[2m Test Files \u001b[22m \u001b[1m\u001b[32m9 passed\u001b[39m\u001b[22m\u001b[90m (9)\u001b[39m\n\u001b[2m      Tests \u001b[22m \u001b[1m\u001b[32m86 passed\u001b[39m\u001b[22m\u001b[90m (86)\u001b[39m\n\u001b[2m   Start at \u001b[22m 00:07:02\n\u001b[2m   Duration \u001b[22m 7.24s\u001b[2m (transform 1.04s, setup 6.22s, collect 3.11s, tests 375ms, environment 39.49s, prepare 633ms)\u001b[22m\n\n",
      "timestamp": "2025-10-28T03:07:09.453Z"
    },
    {
      "name": "ESLint",
      "passed": true,
      "duration": 10036,
      "details": "\n> lasy-ai-crm-system@0.1.0 lint\n> next lint\n\n✔ No ESLint warnings or errors\n",
      "timestamp": "2025-10-28T03:07:19.493Z"
    },
    {
      "name": "TypeScript Check",
      "passed": false,
      "duration": 16354,
      "details": "app/api/leads/import/route.ts(191,17): error TS2769: No overload matches this call.\r\n  Overload 1 of 2, '(values: never, options?: { count?: \"exact\" | \"planned\" | \"estimated\" | undefined; } | undefined): PostgrestFilterBuilder<{ PostgrestVersion: \"12\"; }, never, never, null, \"leads\", never, \"POST\">', gave the following error.\r\n    Argument of type 'any[]' is not assignable to parameter of type 'never'.\r\n  Overload 2 of 2, '(values: never[], options?: { count?: \"exact\" | \"planned\" | \"estimated\" | undefined; defaultToNull?: boolean | undefined; } | undefined): PostgrestFilterBuilder<{ PostgrestVersion: \"12\"; }, never, never, null, \"leads\", never, \"POST\">', gave the following error.\r\n    Argument of type 'any[]' is not assignable to parameter of type 'never[]'.\r\n      Type 'any' is not assignable to type 'never'.\r\napp/api/leads/route.ts(35,8): error TS2769: No overload matches this call.\r\n  Overload 1 of 2, '(values: never, options?: { count?: \"exact\" | \"planned\" | \"estimated\" | undefined; } | undefined): PostgrestFilterBuilder<{ PostgrestVersion: \"12\"; }, never, never, null, \"leads\", never, \"POST\">', gave the following error.\r\n    Argument of type '{ name: any; email: any; phone: any; company: any; status: any; notes: any; user_id: string; }' is not assignable to parameter of type 'never'.\r\n  Overload 2 of 2, '(values: never[], options?: { count?: \"exact\" | \"planned\" | \"estimated\" | undefined; defaultToNull?: boolean | undefined; } | undefined): PostgrestFilterBuilder<{ PostgrestVersion: \"12\"; }, never, never, null, \"leads\", never, \"POST\">', gave the following error.\r\n    Object literal may only specify known properties, and 'name' does not exist in type 'never[]'.\r\ncomponents/SearchResults.tsx(91,39): error TS2339: Property 'highlightedName' does not exist on type 'Lead'.\r\ncomponents/SearchResults.tsx(95,41): error TS2339: Property 'highlightedEmail' does not exist on type 'Lead'.\r\ncomponents/SearchResults.tsx(100,41): error TS2339: Property 'highlightedCompany' does not exist on type 'Lead'.\r\ncomponents/SearchResults.tsx(120,27): error TS2339: Property 'highlightedNotes' does not exist on type 'Lead'.\r\nlib/security-verification.ts(50,55): error TS2339: Property 'user_id' does not exist on type 'never'.\r\nlib/security-verification.ts(75,8): error TS2769: No overload matches this call.\r\n  Overload 1 of 2, '(values: never, options?: { count?: \"exact\" | \"planned\" | \"estimated\" | undefined; } | undefined): PostgrestFilterBuilder<{ PostgrestVersion: \"12\"; }, never, never, null, \"leads\", never, \"POST\">', gave the following error.\r\n    Argument of type '{ name: string; status: string; user_id: string; }' is not assignable to parameter of type 'never'.\r\n  Overload 2 of 2, '(values: never[], options?: { count?: \"exact\" | \"planned\" | \"estimated\" | undefined; defaultToNull?: boolean | undefined; } | undefined): PostgrestFilterBuilder<{ PostgrestVersion: \"12\"; }, never, never, null, \"leads\", never, \"POST\">', gave the following error.\r\n    Object literal may only specify known properties, and 'name' does not exist in type 'never[]'.\r\nlib/security-verification.ts(98,59): error TS2339: Property 'id' does not exist on type 'never'.\r\nlib/security-verification.ts(116,8): error TS2769: No overload matches this call.\r\n  Overload 1 of 2, '(values: never, options?: { count?: \"exact\" | \"planned\" | \"estimated\" | undefined; } | undefined): PostgrestFilterBuilder<{ PostgrestVersion: \"12\"; }, never, never, null, \"leads\", never, \"POST\">', gave the following error.\r\n    Argument of type '{ name: string; status: string; user_id: string; }' is not assignable to parameter of type 'never'.\r\n  Overload 2 of 2, '(values: never[], options?: { count?: \"exact\" | \"planned\" | \"estimated\" | undefined; defaultToNull?: boolean | undefined; } | undefined): PostgrestFilterBuilder<{ PostgrestVersion: \"12\"; }, never, never, null, \"leads\", never, \"POST\">', gave the following error.\r\n    Object literal may only specify known properties, and 'name' does not exist in type 'never[]'.\r\nlib/security-verification.ts(127,17): error TS2345: Argument of type '{ name: string; }' is not assignable to parameter of type 'never'.\r\nlib/security-verification.ts(128,28): error TS2339: Property 'id' does not exist on type 'never'.\r\nlib/security-verification.ts(140,63): error TS2339: Property 'id' does not exist on type 'never'.\r\nlib/security-verification.ts(158,8): error TS2769: No overload matches this call.\r\n  Overload 1 of 2, '(values: never, options?: { count?: \"exact\" | \"planned\" | \"estimated\" | undefined; } | undefined): PostgrestFilterBuilder<{ PostgrestVersion: \"12\"; }, never, never, null, \"leads\", never, \"POST\">', gave the following error.\r\n    Argument of type '{ name: string; status: string; user_id: string; }' is not assignable to parameter of type 'never'.\r\n  Overload 2 of 2, '(values: never[], options?: { count?: \"exact\" | \"planned\" | \"estimated\" | undefined; defaultToNull?: boolean | undefined; } | undefined): PostgrestFilterBuilder<{ PostgrestVersion: \"12\"; }, never, never, null, \"leads\", never, \"POST\">', gave the following error.\r\n    Object literal may only specify known properties, and 'name' does not exist in type 'never[]'.\r\nlib/security-verification.ts(170,28): error TS2339: Property 'id' does not exist on type 'never'.\r\nlib/security-verification.ts(218,8): error TS2769: No overload matches this call.\r\n  Overload 1 of 2, '(values: never, options?: { count?: \"exact\" | \"planned\" | \"estimated\" | undefined; } | undefined): PostgrestFilterBuilder<{ PostgrestVersion: \"12\"; }, never, never, null, \"leads\", never, \"POST\">', gave the following error.\r\n    Argument of type '{ name: string; status: string; user_id: string; }' is not assignable to parameter of type 'never'.\r\n  Overload 2 of 2, '(values: never[], options?: { count?: \"exact\" | \"planned\" | \"estimated\" | undefined; defaultToNull?: boolean | undefined; } | undefined): PostgrestFilterBuilder<{ PostgrestVersion: \"12\"; }, never, never, null, \"leads\", never, \"POST\">', gave the following error.\r\n    Object literal may only specify known properties, and 'name' does not exist in type 'never[]'.\r\nlib/security-verification.ts(231,29): error TS2339: Property 'id' does not exist on type 'never'.\r\nlib/security-verification.ts(243,33): error TS2339: Property 'id' does not exist on type 'never'.\r\nlib/security-verification.ts(256,79): error TS2339: Property 'id' does not exist on type 'never'.\r\nlib/security-verification.ts(258,63): error TS2339: Property 'id' does not exist on type 'never'.\r\nlib/security-verification.ts(276,8): error TS2769: No overload matches this call.\r\n  Overload 1 of 2, '(values: never, options?: { count?: \"exact\" | \"planned\" | \"estimated\" | undefined; } | undefined): PostgrestFilterBuilder<{ PostgrestVersion: \"12\"; }, never, never, null, \"leads\", never, \"POST\">', gave the following error.\r\n    Argument of type '{ name: string; status: string; user_id: string; }' is not assignable to parameter of type 'never'.\r\n  Overload 2 of 2, '(values: never[], options?: { count?: \"exact\" | \"planned\" | \"estimated\" | undefined; defaultToNull?: boolean | undefined; } | undefined): PostgrestFilterBuilder<{ PostgrestVersion: \"12\"; }, never, never, null, \"leads\", never, \"POST\">', gave the following error.\r\n    Object literal may only specify known properties, and 'name' does not exist in type 'never[]'.\r\nlib/security-verification.ts(288,29): error TS2339: Property 'id' does not exist on type 'never'.\r\nlib/security-verification.ts(307,68): error TS2339: Property 'id' does not exist on type 'never'.\r\nlib/security-verification.ts(309,63): error TS2339: Property 'id' does not exist on type 'never'.\r\nlib/validations/interaction.ts(5,11): error TS2769: No overload matches this call.\r\n  Overload 1 of 2, '(values: readonly [\"call\", \"email\", \"meeting\", \"note\", \"other\"], params?: string | { error?: string | $ZodErrorMap<$ZodIssueInvalidValue<unknown>> | undefined; message?: string | undefined; } | undefined): ZodEnum<...>', gave the following error.\r\n    Object literal may only specify known properties, and 'errorMap' does not exist in type '{ error?: string | $ZodErrorMap<$ZodIssueInvalidValue<unknown>> | undefined; message?: string | undefined; }'.\r\n  Overload 2 of 2, '(entries: Readonly<Record<string, EnumValue>>, params?: string | { error?: string | $ZodErrorMap<$ZodIssueInvalidValue<unknown>> | undefined; message?: string | undefined; } | undefined): ZodEnum<...>', gave the following error.\r\n    Argument of type 'string[]' is not assignable to parameter of type 'Readonly<Record<string, EnumValue>>'.\r\n      Index signature for type 'string' is missing in type 'string[]'.\r\nscripts/security-audit.ts(238,28): error TS2802: Type 'Set<string>' can only be iterated through when using the '--downlevelIteration' flag or with a '--target' of 'es2015' or higher.\r\nscripts/security-audit.ts(291,28): error TS2802: Type 'Set<string>' can only be iterated through when using the '--downlevelIteration' flag or with a '--target' of 'es2015' or higher.\r\n",
      "timestamp": "2025-10-28T03:07:35.847Z"
    },
    {
      "name": "Production Build",
      "passed": false,
      "duration": 37324,
      "details": "\n> lasy-ai-crm-system@0.1.0 build\n> next build\n\n  ▲ Next.js 14.2.33\n  - Environments: .env.local\n\n   Creating an optimized production build ...\n ✓ Compiled successfully\n   Linting and checking validity of types ...\n",
      "timestamp": "2025-10-28T03:08:13.172Z"
    }
  ]
}